2023.06.26 19:20:40 INFO  Started: Metals version 0.11.12 in workspace '/home/coartix/DataEngineering/INDE_Project/drone_program' for client Visual Studio Code 1.78.2.
Jun 26, 2023 7:20:40 PM org.flywaydb.core.internal.license.VersionPrinter printVersionOnly
INFO: Flyway Community Edition 9.16.3 by Redgate
Jun 26, 2023 7:20:40 PM org.flywaydb.core.internal.license.VersionPrinter printVersion
INFO: See release notes here: https://rd.gt/416ObMi
Jun 26, 2023 7:20:40 PM org.flywaydb.core.internal.license.VersionPrinter printVersion
INFO: 
Jun 26, 2023 7:20:40 PM org.flywaydb.core.internal.database.base.BaseDatabaseType createDatabase
INFO: Database: jdbc:h2:file:/home/coartix/DataEngineering/INDE_Project/drone_program/.metals/metals (H2 2.1)
Jun 26, 2023 7:20:40 PM org.flywaydb.core.internal.schemahistory.JdbcTableSchemaHistory allAppliedMigrations
INFO: Schema history table "PUBLIC"."flyway_schema_history" does not exist yet
Jun 26, 2023 7:20:40 PM org.flywaydb.core.internal.command.DbValidate validate
INFO: Successfully validated 4 migrations (execution time 00:00.017s)
Jun 26, 2023 7:20:41 PM org.flywaydb.core.internal.schemahistory.JdbcTableSchemaHistory create
INFO: Creating Schema History table "PUBLIC"."flyway_schema_history" ...
Jun 26, 2023 7:20:41 PM org.flywaydb.core.internal.command.DbMigrate migrateGroup
INFO: Current version of schema "PUBLIC": << Empty Schema >>
Jun 26, 2023 7:20:41 PM org.flywaydb.core.internal.command.DbMigrate doMigrateGroup
INFO: Migrating schema "PUBLIC" to version "1 - Create tables"
Jun 26, 2023 7:20:41 PM org.flywaydb.core.internal.command.DbMigrate doMigrateGroup
INFO: Migrating schema "PUBLIC" to version "2 - Server discovery"
Jun 26, 2023 7:20:41 PM org.flywaydb.core.internal.command.DbMigrate doMigrateGroup
INFO: Migrating schema "PUBLIC" to version "3 - Jar symbols"
Jun 26, 2023 7:20:41 PM org.flywaydb.core.internal.command.DbMigrate doMigrateGroup
INFO: Migrating schema "PUBLIC" to version "4 - Fingerprints"
Jun 26, 2023 7:20:41 PM org.flywaydb.core.internal.command.DbMigrate logSummary
INFO: Successfully applied 4 migrations to schema "PUBLIC", now at version v4 (execution time 00:00.063s)
2023.06.26 19:20:41 INFO  time: initialize in 0.69s
2023.06.26 19:20:43 WARN  Build server is not auto-connectable.
2023.06.26 19:20:47 INFO  running '/usr/lib/jvm/java-11-openjdk-amd64/bin/java -Djline.terminal=jline.UnsupportedTerminal -Dsbt.log.noformat=true -Dfile.encoding=UTF-8 -jar /tmp/metals16841187689015892052/sbt-launch.jar -Dbloop.export-jar-classifiers=sources bloopInstall'
2023.06.26 19:20:48 WARN  no build target for: /home/coartix/DataEngineering/INDE_Project/drone_program/project/metals.sbt
2023.06.26 19:20:48 INFO  skipping build import with status 'Started'
2023.06.26 19:20:51 INFO  [info] welcome to sbt 1.8.3 (Ubuntu Java 11.0.19)
2023.06.26 19:20:56 INFO  no build target found for /home/coartix/DataEngineering/INDE_Project/drone_program/project/metals.sbt. Using presentation compiler with project's scala-library version: 3.2.2
2023.06.26 19:20:57 INFO  [info] loading settings for project drone_program-build-build from metals.sbt ...
2023.06.26 19:20:59 INFO  [info] loading project definition from /home/coartix/DataEngineering/INDE_Project/drone_program/project/project
2023.06.26 19:21:02 INFO  [info] loading settings for project drone_program-build from metals.sbt ...
2023.06.26 19:21:02 INFO  [info] loading project definition from /home/coartix/DataEngineering/INDE_Project/drone_program/project
2023.06.26 19:21:06 INFO  [success] Generated .bloop/drone_program-build.json
2023.06.26 19:21:06 INFO  [success] Total time: 4 s, completed Jun 26, 2023, 7:21:06 PM
2023.06.26 19:21:09 INFO  [info] loading settings for project drone_program from build.sbt ...
2023.06.26 19:21:09 INFO  [info] set current project to hello-world (in build file:/home/coartix/DataEngineering/INDE_Project/drone_program/)
2023.06.26 19:21:10 INFO  [success] Generated .bloop/drone_program-test.json
2023.06.26 19:21:10 INFO  [success] Generated .bloop/drone_program.json
2023.06.26 19:21:10 INFO  [success] Total time: 0 s, completed Jun 26, 2023, 7:21:10 PM
2023.06.26 19:21:10 INFO  time: ran 'sbt bloopInstall' in 22s
2023.06.26 19:21:10 INFO  Attempting to connect to the build server...
2023.06.26 19:21:10 INFO  Bloop uses /usr/lib/jvm/java-11-openjdk-amd64 defined at /home/coartix/.bloop/bloop.json
2023.06.26 19:21:13 INFO  tracing is disabled for protocol BSP, to enable tracing of incoming and outgoing JSON messages create an empty file at /home/coartix/DataEngineering/INDE_Project/drone_program/.metals/bsp.trace.json or /home/coartix/.cache/metals/bsp.trace.json
2023.06.26 19:21:13 INFO  Attempting to connect to the build server...
2023.06.26 19:21:13 INFO  Bloop uses /usr/lib/jvm/java-11-openjdk-amd64 defined at /home/coartix/.bloop/bloop.json
2023.06.26 19:21:13 INFO  tracing is disabled for protocol BSP, to enable tracing of incoming and outgoing JSON messages create an empty file at /home/coartix/DataEngineering/INDE_Project/drone_program/project/.metals/bsp.trace.json or /home/coartix/.cache/metals/bsp.trace.json
2023.06.26 19:21:13 INFO  time: Connected to build server in 3.71s
2023.06.26 19:21:13 INFO  Connected to Build server: Bloop v1.5.6
2023.06.26 19:21:13 INFO  time: Imported build in 0.12s
2023.06.26 19:21:16 WARN  Could not find java sources in /usr/lib/jvm/src.zip, /usr/lib/jvm/lib/src.zip, /usr/lib/jvm/java-11-openjdk-amd64/src.zip, /usr/lib/jvm/java-11-openjdk-amd64/lib/src.zip. Java symbols will not be available.
2023.06.26 19:21:20 WARN  Could not find java sources in /usr/lib/jvm/src.zip, /usr/lib/jvm/lib/src.zip, /usr/lib/jvm/java-11-openjdk-amd64/src.zip, /usr/lib/jvm/java-11-openjdk-amd64/lib/src.zip. Java symbols will not be available.
2023.06.26 19:21:20 WARN  Could not find java sources in /usr/lib/jvm/src.zip, /usr/lib/jvm/lib/src.zip, /usr/lib/jvm/java-11-openjdk-amd64/src.zip, /usr/lib/jvm/java-11-openjdk-amd64/lib/src.zip. Java symbols will not be available.
2023.06.26 19:21:20 INFO  time: indexed workspace in 5.46s
2023.06.26 19:26:05 INFO  Shutting down server
2023.06.26 19:26:05 INFO  shutting down Metals
2023.06.26 19:26:05 INFO  Shut down connection with build server.
2023.06.26 19:26:05 INFO  Shut down connection with build server.
2023.06.26 19:26:05 INFO  Exiting server
