[2023-06-03 12:04:22,430] INFO [local-file-sink|task-0] [Consumer clientId=connector-consumer-local-file-sink-0, groupId=connect-local-file-sink] Node -1 disconnected. (org.apache.kafka.clients.NetworkClient:937)
[2023-06-03 12:04:22,557] INFO [local-file-source|task-0] [Producer clientId=connector-producer-local-file-source-0] Node -1 disconnected. (org.apache.kafka.clients.NetworkClient:937)
[2023-06-03 12:07:57,189] INFO Kafka Connect stopping (org.apache.kafka.connect.runtime.Connect:66)
[2023-06-03 12:07:57,193] INFO Stopping REST server (org.apache.kafka.connect.runtime.rest.RestServer:317)
[2023-06-03 12:07:57,239] INFO Stopped http_8083@3301500b{HTTP/1.1, (http/1.1)}{0.0.0.0:8083} (org.eclipse.jetty.server.AbstractConnector:383)
[2023-06-03 12:07:57,239] INFO node0 Stopped scavenging (org.eclipse.jetty.server.session:149)
[2023-06-03 12:07:57,243] INFO REST server stopped (org.apache.kafka.connect.runtime.rest.RestServer:334)
[2023-06-03 12:07:57,243] INFO Herder stopping (org.apache.kafka.connect.runtime.standalone.StandaloneHerder:106)
[2023-06-03 12:07:57,244] INFO [local-file-source|task-0] Stopping task local-file-source-0 (org.apache.kafka.connect.runtime.Worker:998)
[2023-06-03 12:07:57,289] INFO [local-file-sink|task-0] [Consumer clientId=connector-consumer-local-file-sink-0, groupId=connect-local-file-sink] Node 0 disconnected. (org.apache.kafka.clients.NetworkClient:937)
[2023-06-03 12:07:57,289] INFO [local-file-source|task-0] [Producer clientId=connector-producer-local-file-source-0] Node 0 disconnected. (org.apache.kafka.clients.NetworkClient:937)
[2023-06-03 12:07:57,290] INFO [local-file-sink|task-0] [Consumer clientId=connector-consumer-local-file-sink-0, groupId=connect-local-file-sink] Cancelled in-flight FETCH request with correlation id 1771 due to node 0 being disconnected (elapsed time since creation: 168ms, elapsed time since send: 168ms, request timeout: 30000ms) (org.apache.kafka.clients.NetworkClient:341)
[2023-06-03 12:07:57,290] INFO [local-file-sink|task-0] [Consumer clientId=connector-consumer-local-file-sink-0, groupId=connect-local-file-sink] Node 2147483647 disconnected. (org.apache.kafka.clients.NetworkClient:937)
[2023-06-03 12:07:57,291] INFO [local-file-sink|task-0] [Consumer clientId=connector-consumer-local-file-sink-0, groupId=connect-local-file-sink] Group coordinator coartix-ubuntu:9092 (id: 2147483647 rack: null) is unavailable or invalid due to cause: coordinator unavailable. isDisconnected: true. Rediscovery will be attempted. (org.apache.kafka.clients.consumer.internals.ConsumerCoordinator:959)
[2023-06-03 12:07:57,292] INFO [local-file-sink|task-0] [Consumer clientId=connector-consumer-local-file-sink-0, groupId=connect-local-file-sink] Error sending fetch request (sessionId=349239524, epoch=1506) to node 0: (org.apache.kafka.clients.FetchSessionHandler:602)
org.apache.kafka.common.errors.DisconnectException
[2023-06-03 12:07:57,341] INFO [local-file-source|task-0] [Producer clientId=connector-producer-local-file-source-0] Node 0 disconnected. (org.apache.kafka.clients.NetworkClient:937)
[2023-06-03 12:07:57,341] WARN [local-file-source|task-0] [Producer clientId=connector-producer-local-file-source-0] Connection to node 0 (coartix-ubuntu/127.0.1.1:9092) could not be established. Broker may not be available. (org.apache.kafka.clients.NetworkClient:775)
[2023-06-03 12:07:57,389] INFO [local-file-sink|task-0] [Consumer clientId=connector-consumer-local-file-sink-0, groupId=connect-local-file-sink] Node 0 disconnected. (org.apache.kafka.clients.NetworkClient:937)
[2023-06-03 12:07:57,389] WARN [local-file-sink|task-0] [Consumer clientId=connector-consumer-local-file-sink-0, groupId=connect-local-file-sink] Connection to node 0 (coartix-ubuntu/127.0.1.1:9092) could not be established. Broker may not be available. (org.apache.kafka.clients.NetworkClient:775)
[2023-06-03 12:07:57,441] INFO [local-file-source|task-0] [Producer clientId=connector-producer-local-file-source-0] Node 0 disconnected. (org.apache.kafka.clients.NetworkClient:937)
[2023-06-03 12:07:57,441] WARN [local-file-source|task-0] [Producer clientId=connector-producer-local-file-source-0] Connection to node 0 (coartix-ubuntu/127.0.1.1:9092) could not be established. Broker may not be available. (org.apache.kafka.clients.NetworkClient:775)
[2023-06-03 12:07:57,510] INFO [local-file-source|task-0] [Producer clientId=connector-producer-local-file-source-0] Closing the Kafka producer with timeoutMillis = 30000 ms. (org.apache.kafka.clients.producer.KafkaProducer:1310)
[2023-06-03 12:07:57,517] INFO [local-file-source|task-0] Metrics scheduler closed (org.apache.kafka.common.metrics.Metrics:693)
[2023-06-03 12:07:57,518] INFO [local-file-source|task-0] Closing reporter org.apache.kafka.common.metrics.JmxReporter (org.apache.kafka.common.metrics.Metrics:697)
[2023-06-03 12:07:57,518] INFO [local-file-source|task-0] Metrics reporters closed (org.apache.kafka.common.metrics.Metrics:703)
[2023-06-03 12:07:57,519] INFO [local-file-source|task-0] App info kafka.producer for connector-producer-local-file-source-0 unregistered (org.apache.kafka.common.utils.AppInfoParser:83)
[2023-06-03 12:07:57,533] INFO [local-file-source|worker] Stopping connector local-file-source (org.apache.kafka.connect.runtime.Worker:404)
[2023-06-03 12:07:57,534] INFO [local-file-source|worker] Scheduled shutdown for WorkerConnector{id=local-file-source} (org.apache.kafka.connect.runtime.WorkerConnector:254)
[2023-06-03 12:07:57,534] INFO [local-file-source|worker] Completed shutdown for WorkerConnector{id=local-file-source} (org.apache.kafka.connect.runtime.WorkerConnector:274)
[2023-06-03 12:07:57,537] INFO [local-file-sink|task-0] Stopping task local-file-sink-0 (org.apache.kafka.connect.runtime.Worker:998)
[2023-06-03 12:07:57,539] INFO [local-file-sink|task-0] [Consumer clientId=connector-consumer-local-file-sink-0, groupId=connect-local-file-sink] Node 0 disconnected. (org.apache.kafka.clients.NetworkClient:937)
[2023-06-03 12:07:57,539] WARN [local-file-sink|task-0] [Consumer clientId=connector-consumer-local-file-sink-0, groupId=connect-local-file-sink] Connection to node 0 (coartix-ubuntu/127.0.1.1:9092) could not be established. Broker may not be available. (org.apache.kafka.clients.NetworkClient:775)
[2023-06-03 12:07:57,540] INFO [local-file-sink|task-0] [Consumer clientId=connector-consumer-local-file-sink-0, groupId=connect-local-file-sink] Revoke previously assigned partitions connect-test-0 (org.apache.kafka.clients.consumer.internals.ConsumerCoordinator:336)
[2023-06-03 12:07:57,541] INFO [local-file-sink|task-0] [Consumer clientId=connector-consumer-local-file-sink-0, groupId=connect-local-file-sink] Resetting generation and member id due to: consumer pro-actively leaving the group (org.apache.kafka.clients.consumer.internals.ConsumerCoordinator:1015)
[2023-06-03 12:07:57,542] INFO [local-file-sink|task-0] [Consumer clientId=connector-consumer-local-file-sink-0, groupId=connect-local-file-sink] Request joining group due to: consumer pro-actively leaving the group (org.apache.kafka.clients.consumer.internals.ConsumerCoordinator:1062)
[2023-06-03 12:07:57,542] INFO [local-file-sink|task-0] Metrics scheduler closed (org.apache.kafka.common.metrics.Metrics:693)
[2023-06-03 12:07:57,543] INFO [local-file-sink|task-0] Closing reporter org.apache.kafka.common.metrics.JmxReporter (org.apache.kafka.common.metrics.Metrics:697)
[2023-06-03 12:07:57,543] INFO [local-file-sink|task-0] Metrics reporters closed (org.apache.kafka.common.metrics.Metrics:703)
[2023-06-03 12:07:57,547] INFO [local-file-sink|task-0] App info kafka.consumer for connector-consumer-local-file-sink-0 unregistered (org.apache.kafka.common.utils.AppInfoParser:83)
[2023-06-03 12:07:57,551] INFO [local-file-sink|worker] Stopping connector local-file-sink (org.apache.kafka.connect.runtime.Worker:404)
[2023-06-03 12:07:57,551] INFO [local-file-sink|worker] Scheduled shutdown for WorkerConnector{id=local-file-sink} (org.apache.kafka.connect.runtime.WorkerConnector:254)
[2023-06-03 12:07:57,551] INFO [local-file-sink|worker] Completed shutdown for WorkerConnector{id=local-file-sink} (org.apache.kafka.connect.runtime.WorkerConnector:274)
[2023-06-03 12:07:57,552] INFO Worker stopping (org.apache.kafka.connect.runtime.Worker:219)
[2023-06-03 12:07:57,555] INFO Stopped FileOffsetBackingStore (org.apache.kafka.connect.storage.FileOffsetBackingStore:66)
[2023-06-03 12:07:57,556] INFO Metrics scheduler closed (org.apache.kafka.common.metrics.Metrics:693)
[2023-06-03 12:07:57,556] INFO Closing reporter org.apache.kafka.common.metrics.JmxReporter (org.apache.kafka.common.metrics.Metrics:697)
[2023-06-03 12:07:57,557] INFO Metrics reporters closed (org.apache.kafka.common.metrics.Metrics:703)
[2023-06-03 12:07:57,557] INFO App info kafka.connect for 127.0.1.1:8083 unregistered (org.apache.kafka.common.utils.AppInfoParser:83)
[2023-06-03 12:07:57,557] INFO Worker stopped (org.apache.kafka.connect.runtime.Worker:240)
[2023-06-03 12:07:57,561] INFO Herder stopped (org.apache.kafka.connect.runtime.standalone.StandaloneHerder:124)
[2023-06-03 12:07:57,561] INFO Kafka Connect stopped (org.apache.kafka.connect.runtime.Connect:71)
