[2023-06-28 17:29:02,409] INFO [Controller id=0 epoch=1] Changed partition __consumer_offsets-22 state from NonExistentPartition to NewPartition with assigned replicas 0 (state.change.logger)
[2023-06-28 17:29:02,409] INFO [Controller id=0 epoch=1] Changed partition __consumer_offsets-30 state from NonExistentPartition to NewPartition with assigned replicas 0 (state.change.logger)
[2023-06-28 17:29:02,409] INFO [Controller id=0 epoch=1] Changed partition __consumer_offsets-25 state from NonExistentPartition to NewPartition with assigned replicas 0 (state.change.logger)
[2023-06-28 17:29:02,409] INFO [Controller id=0 epoch=1] Changed partition __consumer_offsets-35 state from NonExistentPartition to NewPartition with assigned replicas 0 (state.change.logger)
[2023-06-28 17:29:02,409] INFO [Controller id=0 epoch=1] Changed partition __consumer_offsets-37 state from NonExistentPartition to NewPartition with assigned replicas 0 (state.change.logger)
[2023-06-28 17:29:02,409] INFO [Controller id=0 epoch=1] Changed partition __consumer_offsets-38 state from NonExistentPartition to NewPartition with assigned replicas 0 (state.change.logger)
[2023-06-28 17:29:02,409] INFO [Controller id=0 epoch=1] Changed partition __consumer_offsets-13 state from NonExistentPartition to NewPartition with assigned replicas 0 (state.change.logger)
[2023-06-28 17:29:02,409] INFO [Controller id=0 epoch=1] Changed partition __consumer_offsets-8 state from NonExistentPartition to NewPartition with assigned replicas 0 (state.change.logger)
[2023-06-28 17:29:02,409] INFO [Controller id=0 epoch=1] Changed partition __consumer_offsets-21 state from NonExistentPartition to NewPartition with assigned replicas 0 (state.change.logger)
[2023-06-28 17:29:02,410] INFO [Controller id=0 epoch=1] Changed partition __consumer_offsets-4 state from NonExistentPartition to NewPartition with assigned replicas 0 (state.change.logger)
[2023-06-28 17:29:02,410] INFO [Controller id=0 epoch=1] Changed partition __consumer_offsets-27 state from NonExistentPartition to NewPartition with assigned replicas 0 (state.change.logger)
[2023-06-28 17:29:02,410] INFO [Controller id=0 epoch=1] Changed partition __consumer_offsets-7 state from NonExistentPartition to NewPartition with assigned replicas 0 (state.change.logger)
[2023-06-28 17:29:02,410] INFO [Controller id=0 epoch=1] Changed partition __consumer_offsets-9 state from NonExistentPartition to NewPartition with assigned replicas 0 (state.change.logger)
[2023-06-28 17:29:02,410] INFO [Controller id=0 epoch=1] Changed partition __consumer_offsets-46 state from NonExistentPartition to NewPartition with assigned replicas 0 (state.change.logger)
[2023-06-28 17:29:02,410] INFO [Controller id=0 epoch=1] Changed partition __consumer_offsets-41 state from NonExistentPartition to NewPartition with assigned replicas 0 (state.change.logger)
[2023-06-28 17:29:02,410] INFO [Controller id=0 epoch=1] Changed partition __consumer_offsets-33 state from NonExistentPartition to NewPartition with assigned replicas 0 (state.change.logger)
[2023-06-28 17:29:02,410] INFO [Controller id=0 epoch=1] Changed partition __consumer_offsets-23 state from NonExistentPartition to NewPartition with assigned replicas 0 (state.change.logger)
[2023-06-28 17:29:02,410] INFO [Controller id=0 epoch=1] Changed partition __consumer_offsets-49 state from NonExistentPartition to NewPartition with assigned replicas 0 (state.change.logger)
[2023-06-28 17:29:02,410] INFO [Controller id=0 epoch=1] Changed partition __consumer_offsets-47 state from NonExistentPartition to NewPartition with assigned replicas 0 (state.change.logger)
[2023-06-28 17:29:02,410] INFO [Controller id=0 epoch=1] Changed partition __consumer_offsets-16 state from NonExistentPartition to NewPartition with assigned replicas 0 (state.change.logger)
[2023-06-28 17:29:02,410] INFO [Controller id=0 epoch=1] Changed partition __consumer_offsets-28 state from NonExistentPartition to NewPartition with assigned replicas 0 (state.change.logger)
[2023-06-28 17:29:02,410] INFO [Controller id=0 epoch=1] Changed partition __consumer_offsets-31 state from NonExistentPartition to NewPartition with assigned replicas 0 (state.change.logger)
[2023-06-28 17:29:02,410] INFO [Controller id=0 epoch=1] Changed partition __consumer_offsets-36 state from NonExistentPartition to NewPartition with assigned replicas 0 (state.change.logger)
[2023-06-28 17:29:02,410] INFO [Controller id=0 epoch=1] Changed partition __consumer_offsets-42 state from NonExistentPartition to NewPartition with assigned replicas 0 (state.change.logger)
[2023-06-28 17:29:02,410] INFO [Controller id=0 epoch=1] Changed partition __consumer_offsets-3 state from NonExistentPartition to NewPartition with assigned replicas 0 (state.change.logger)
[2023-06-28 17:29:02,410] INFO [Controller id=0 epoch=1] Changed partition __consumer_offsets-18 state from NonExistentPartition to NewPartition with assigned replicas 0 (state.change.logger)
[2023-06-28 17:29:02,410] INFO [Controller id=0 epoch=1] Changed partition __consumer_offsets-15 state from NonExistentPartition to NewPartition with assigned replicas 0 (state.change.logger)
[2023-06-28 17:29:02,410] INFO [Controller id=0 epoch=1] Changed partition __consumer_offsets-24 state from NonExistentPartition to NewPartition with assigned replicas 0 (state.change.logger)
[2023-06-28 17:29:02,410] INFO [Controller id=0 epoch=1] Changed partition __consumer_offsets-17 state from NonExistentPartition to NewPartition with assigned replicas 0 (state.change.logger)
[2023-06-28 17:29:02,410] INFO [Controller id=0 epoch=1] Changed partition __consumer_offsets-48 state from NonExistentPartition to NewPartition with assigned replicas 0 (state.change.logger)
[2023-06-28 17:29:02,410] INFO [Controller id=0 epoch=1] Changed partition __consumer_offsets-19 state from NonExistentPartition to NewPartition with assigned replicas 0 (state.change.logger)
[2023-06-28 17:29:02,410] INFO [Controller id=0 epoch=1] Changed partition __consumer_offsets-11 state from NonExistentPartition to NewPartition with assigned replicas 0 (state.change.logger)
[2023-06-28 17:29:02,410] INFO [Controller id=0 epoch=1] Changed partition __consumer_offsets-2 state from NonExistentPartition to NewPartition with assigned replicas 0 (state.change.logger)
[2023-06-28 17:29:02,410] INFO [Controller id=0 epoch=1] Changed partition __consumer_offsets-43 state from NonExistentPartition to NewPartition with assigned replicas 0 (state.change.logger)
[2023-06-28 17:29:02,410] INFO [Controller id=0 epoch=1] Changed partition __consumer_offsets-6 state from NonExistentPartition to NewPartition with assigned replicas 0 (state.change.logger)
[2023-06-28 17:29:02,410] INFO [Controller id=0 epoch=1] Changed partition __consumer_offsets-14 state from NonExistentPartition to NewPartition with assigned replicas 0 (state.change.logger)
[2023-06-28 17:29:02,410] INFO [Controller id=0 epoch=1] Changed partition __consumer_offsets-20 state from NonExistentPartition to NewPartition with assigned replicas 0 (state.change.logger)
[2023-06-28 17:29:02,410] INFO [Controller id=0 epoch=1] Changed partition __consumer_offsets-0 state from NonExistentPartition to NewPartition with assigned replicas 0 (state.change.logger)
[2023-06-28 17:29:02,410] INFO [Controller id=0 epoch=1] Changed partition __consumer_offsets-44 state from NonExistentPartition to NewPartition with assigned replicas 0 (state.change.logger)
[2023-06-28 17:29:02,410] INFO [Controller id=0 epoch=1] Changed partition __consumer_offsets-39 state from NonExistentPartition to NewPartition with assigned replicas 0 (state.change.logger)
[2023-06-28 17:29:02,410] INFO [Controller id=0 epoch=1] Changed partition __consumer_offsets-12 state from NonExistentPartition to NewPartition with assigned replicas 0 (state.change.logger)
[2023-06-28 17:29:02,410] INFO [Controller id=0 epoch=1] Changed partition __consumer_offsets-45 state from NonExistentPartition to NewPartition with assigned replicas 0 (state.change.logger)
[2023-06-28 17:29:02,410] INFO [Controller id=0 epoch=1] Changed partition __consumer_offsets-1 state from NonExistentPartition to NewPartition with assigned replicas 0 (state.change.logger)
[2023-06-28 17:29:02,410] INFO [Controller id=0 epoch=1] Changed partition __consumer_offsets-5 state from NonExistentPartition to NewPartition with assigned replicas 0 (state.change.logger)
[2023-06-28 17:29:02,410] INFO [Controller id=0 epoch=1] Changed partition __consumer_offsets-26 state from NonExistentPartition to NewPartition with assigned replicas 0 (state.change.logger)
[2023-06-28 17:29:02,410] INFO [Controller id=0 epoch=1] Changed partition __consumer_offsets-29 state from NonExistentPartition to NewPartition with assigned replicas 0 (state.change.logger)
[2023-06-28 17:29:02,410] INFO [Controller id=0 epoch=1] Changed partition __consumer_offsets-34 state from NonExistentPartition to NewPartition with assigned replicas 0 (state.change.logger)
[2023-06-28 17:29:02,411] INFO [Controller id=0 epoch=1] Changed partition __consumer_offsets-10 state from NonExistentPartition to NewPartition with assigned replicas 0 (state.change.logger)
[2023-06-28 17:29:02,411] INFO [Controller id=0 epoch=1] Changed partition __consumer_offsets-32 state from NonExistentPartition to NewPartition with assigned replicas 0 (state.change.logger)
[2023-06-28 17:29:02,411] INFO [Controller id=0 epoch=1] Changed partition __consumer_offsets-40 state from NonExistentPartition to NewPartition with assigned replicas 0 (state.change.logger)
[2023-06-28 17:29:02,411] INFO [Controller id=0 epoch=1] Sending UpdateMetadata request to brokers HashSet() for 0 partitions (state.change.logger)
[2023-06-28 17:29:02,412] INFO [Controller id=0 epoch=1] Sending UpdateMetadata request to brokers HashSet() for 0 partitions (state.change.logger)
[2023-06-28 17:29:02,470] INFO [Controller id=0 epoch=1] Changed partition __consumer_offsets-22 from NewPartition to OnlinePartition with state LeaderAndIsr(leader=0, leaderEpoch=0, isr=List(0), leaderRecoveryState=RECOVERED, partitionEpoch=0) (state.change.logger)
[2023-06-28 17:29:02,470] INFO [Controller id=0 epoch=1] Changed partition __consumer_offsets-30 from NewPartition to OnlinePartition with state LeaderAndIsr(leader=0, leaderEpoch=0, isr=List(0), leaderRecoveryState=RECOVERED, partitionEpoch=0) (state.change.logger)
[2023-06-28 17:29:02,470] INFO [Controller id=0 epoch=1] Changed partition __consumer_offsets-25 from NewPartition to OnlinePartition with state LeaderAndIsr(leader=0, leaderEpoch=0, isr=List(0), leaderRecoveryState=RECOVERED, partitionEpoch=0) (state.change.logger)
[2023-06-28 17:29:02,470] INFO [Controller id=0 epoch=1] Changed partition __consumer_offsets-35 from NewPartition to OnlinePartition with state LeaderAndIsr(leader=0, leaderEpoch=0, isr=List(0), leaderRecoveryState=RECOVERED, partitionEpoch=0) (state.change.logger)
[2023-06-28 17:29:02,470] INFO [Controller id=0 epoch=1] Changed partition __consumer_offsets-37 from NewPartition to OnlinePartition with state LeaderAndIsr(leader=0, leaderEpoch=0, isr=List(0), leaderRecoveryState=RECOVERED, partitionEpoch=0) (state.change.logger)
[2023-06-28 17:29:02,470] INFO [Controller id=0 epoch=1] Changed partition __consumer_offsets-38 from NewPartition to OnlinePartition with state LeaderAndIsr(leader=0, leaderEpoch=0, isr=List(0), leaderRecoveryState=RECOVERED, partitionEpoch=0) (state.change.logger)
[2023-06-28 17:29:02,470] INFO [Controller id=0 epoch=1] Changed partition __consumer_offsets-13 from NewPartition to OnlinePartition with state LeaderAndIsr(leader=0, leaderEpoch=0, isr=List(0), leaderRecoveryState=RECOVERED, partitionEpoch=0) (state.change.logger)
[2023-06-28 17:29:02,470] INFO [Controller id=0 epoch=1] Changed partition __consumer_offsets-8 from NewPartition to OnlinePartition with state LeaderAndIsr(leader=0, leaderEpoch=0, isr=List(0), leaderRecoveryState=RECOVERED, partitionEpoch=0) (state.change.logger)
[2023-06-28 17:29:02,470] INFO [Controller id=0 epoch=1] Changed partition __consumer_offsets-21 from NewPartition to OnlinePartition with state LeaderAndIsr(leader=0, leaderEpoch=0, isr=List(0), leaderRecoveryState=RECOVERED, partitionEpoch=0) (state.change.logger)
[2023-06-28 17:29:02,470] INFO [Controller id=0 epoch=1] Changed partition __consumer_offsets-4 from NewPartition to OnlinePartition with state LeaderAndIsr(leader=0, leaderEpoch=0, isr=List(0), leaderRecoveryState=RECOVERED, partitionEpoch=0) (state.change.logger)
[2023-06-28 17:29:02,470] INFO [Controller id=0 epoch=1] Changed partition __consumer_offsets-27 from NewPartition to OnlinePartition with state LeaderAndIsr(leader=0, leaderEpoch=0, isr=List(0), leaderRecoveryState=RECOVERED, partitionEpoch=0) (state.change.logger)
[2023-06-28 17:29:02,470] INFO [Controller id=0 epoch=1] Changed partition __consumer_offsets-7 from NewPartition to OnlinePartition with state LeaderAndIsr(leader=0, leaderEpoch=0, isr=List(0), leaderRecoveryState=RECOVERED, partitionEpoch=0) (state.change.logger)
[2023-06-28 17:29:02,470] INFO [Controller id=0 epoch=1] Changed partition __consumer_offsets-9 from NewPartition to OnlinePartition with state LeaderAndIsr(leader=0, leaderEpoch=0, isr=List(0), leaderRecoveryState=RECOVERED, partitionEpoch=0) (state.change.logger)
[2023-06-28 17:29:02,470] INFO [Controller id=0 epoch=1] Changed partition __consumer_offsets-46 from NewPartition to OnlinePartition with state LeaderAndIsr(leader=0, leaderEpoch=0, isr=List(0), leaderRecoveryState=RECOVERED, partitionEpoch=0) (state.change.logger)
[2023-06-28 17:29:02,470] INFO [Controller id=0 epoch=1] Changed partition __consumer_offsets-41 from NewPartition to OnlinePartition with state LeaderAndIsr(leader=0, leaderEpoch=0, isr=List(0), leaderRecoveryState=RECOVERED, partitionEpoch=0) (state.change.logger)
[2023-06-28 17:29:02,471] INFO [Controller id=0 epoch=1] Changed partition __consumer_offsets-33 from NewPartition to OnlinePartition with state LeaderAndIsr(leader=0, leaderEpoch=0, isr=List(0), leaderRecoveryState=RECOVERED, partitionEpoch=0) (state.change.logger)
[2023-06-28 17:29:02,471] INFO [Controller id=0 epoch=1] Changed partition __consumer_offsets-23 from NewPartition to OnlinePartition with state LeaderAndIsr(leader=0, leaderEpoch=0, isr=List(0), leaderRecoveryState=RECOVERED, partitionEpoch=0) (state.change.logger)
[2023-06-28 17:29:02,471] INFO [Controller id=0 epoch=1] Changed partition __consumer_offsets-49 from NewPartition to OnlinePartition with state LeaderAndIsr(leader=0, leaderEpoch=0, isr=List(0), leaderRecoveryState=RECOVERED, partitionEpoch=0) (state.change.logger)
[2023-06-28 17:29:02,471] INFO [Controller id=0 epoch=1] Changed partition __consumer_offsets-47 from NewPartition to OnlinePartition with state LeaderAndIsr(leader=0, leaderEpoch=0, isr=List(0), leaderRecoveryState=RECOVERED, partitionEpoch=0) (state.change.logger)
[2023-06-28 17:29:02,471] INFO [Controller id=0 epoch=1] Changed partition __consumer_offsets-16 from NewPartition to OnlinePartition with state LeaderAndIsr(leader=0, leaderEpoch=0, isr=List(0), leaderRecoveryState=RECOVERED, partitionEpoch=0) (state.change.logger)
[2023-06-28 17:29:02,471] INFO [Controller id=0 epoch=1] Changed partition __consumer_offsets-28 from NewPartition to OnlinePartition with state LeaderAndIsr(leader=0, leaderEpoch=0, isr=List(0), leaderRecoveryState=RECOVERED, partitionEpoch=0) (state.change.logger)
[2023-06-28 17:29:02,471] INFO [Controller id=0 epoch=1] Changed partition __consumer_offsets-31 from NewPartition to OnlinePartition with state LeaderAndIsr(leader=0, leaderEpoch=0, isr=List(0), leaderRecoveryState=RECOVERED, partitionEpoch=0) (state.change.logger)
[2023-06-28 17:29:02,471] INFO [Controller id=0 epoch=1] Changed partition __consumer_offsets-36 from NewPartition to OnlinePartition with state LeaderAndIsr(leader=0, leaderEpoch=0, isr=List(0), leaderRecoveryState=RECOVERED, partitionEpoch=0) (state.change.logger)
[2023-06-28 17:29:02,471] INFO [Controller id=0 epoch=1] Changed partition __consumer_offsets-42 from NewPartition to OnlinePartition with state LeaderAndIsr(leader=0, leaderEpoch=0, isr=List(0), leaderRecoveryState=RECOVERED, partitionEpoch=0) (state.change.logger)
[2023-06-28 17:29:02,471] INFO [Controller id=0 epoch=1] Changed partition __consumer_offsets-3 from NewPartition to OnlinePartition with state LeaderAndIsr(leader=0, leaderEpoch=0, isr=List(0), leaderRecoveryState=RECOVERED, partitionEpoch=0) (state.change.logger)
[2023-06-28 17:29:02,471] INFO [Controller id=0 epoch=1] Changed partition __consumer_offsets-18 from NewPartition to OnlinePartition with state LeaderAndIsr(leader=0, leaderEpoch=0, isr=List(0), leaderRecoveryState=RECOVERED, partitionEpoch=0) (state.change.logger)
[2023-06-28 17:29:02,471] INFO [Controller id=0 epoch=1] Changed partition __consumer_offsets-15 from NewPartition to OnlinePartition with state LeaderAndIsr(leader=0, leaderEpoch=0, isr=List(0), leaderRecoveryState=RECOVERED, partitionEpoch=0) (state.change.logger)
[2023-06-28 17:29:02,471] INFO [Controller id=0 epoch=1] Changed partition __consumer_offsets-24 from NewPartition to OnlinePartition with state LeaderAndIsr(leader=0, leaderEpoch=0, isr=List(0), leaderRecoveryState=RECOVERED, partitionEpoch=0) (state.change.logger)
[2023-06-28 17:29:02,471] INFO [Controller id=0 epoch=1] Changed partition __consumer_offsets-17 from NewPartition to OnlinePartition with state LeaderAndIsr(leader=0, leaderEpoch=0, isr=List(0), leaderRecoveryState=RECOVERED, partitionEpoch=0) (state.change.logger)
[2023-06-28 17:29:02,471] INFO [Controller id=0 epoch=1] Changed partition __consumer_offsets-48 from NewPartition to OnlinePartition with state LeaderAndIsr(leader=0, leaderEpoch=0, isr=List(0), leaderRecoveryState=RECOVERED, partitionEpoch=0) (state.change.logger)
[2023-06-28 17:29:02,471] INFO [Controller id=0 epoch=1] Changed partition __consumer_offsets-19 from NewPartition to OnlinePartition with state LeaderAndIsr(leader=0, leaderEpoch=0, isr=List(0), leaderRecoveryState=RECOVERED, partitionEpoch=0) (state.change.logger)
[2023-06-28 17:29:02,471] INFO [Controller id=0 epoch=1] Changed partition __consumer_offsets-11 from NewPartition to OnlinePartition with state LeaderAndIsr(leader=0, leaderEpoch=0, isr=List(0), leaderRecoveryState=RECOVERED, partitionEpoch=0) (state.change.logger)
[2023-06-28 17:29:02,471] INFO [Controller id=0 epoch=1] Changed partition __consumer_offsets-2 from NewPartition to OnlinePartition with state LeaderAndIsr(leader=0, leaderEpoch=0, isr=List(0), leaderRecoveryState=RECOVERED, partitionEpoch=0) (state.change.logger)
[2023-06-28 17:29:02,471] INFO [Controller id=0 epoch=1] Changed partition __consumer_offsets-43 from NewPartition to OnlinePartition with state LeaderAndIsr(leader=0, leaderEpoch=0, isr=List(0), leaderRecoveryState=RECOVERED, partitionEpoch=0) (state.change.logger)
[2023-06-28 17:29:02,471] INFO [Controller id=0 epoch=1] Changed partition __consumer_offsets-6 from NewPartition to OnlinePartition with state LeaderAndIsr(leader=0, leaderEpoch=0, isr=List(0), leaderRecoveryState=RECOVERED, partitionEpoch=0) (state.change.logger)
[2023-06-28 17:29:02,471] INFO [Controller id=0 epoch=1] Changed partition __consumer_offsets-14 from NewPartition to OnlinePartition with state LeaderAndIsr(leader=0, leaderEpoch=0, isr=List(0), leaderRecoveryState=RECOVERED, partitionEpoch=0) (state.change.logger)
[2023-06-28 17:29:02,471] INFO [Controller id=0 epoch=1] Changed partition __consumer_offsets-20 from NewPartition to OnlinePartition with state LeaderAndIsr(leader=0, leaderEpoch=0, isr=List(0), leaderRecoveryState=RECOVERED, partitionEpoch=0) (state.change.logger)
[2023-06-28 17:29:02,471] INFO [Controller id=0 epoch=1] Changed partition __consumer_offsets-0 from NewPartition to OnlinePartition with state LeaderAndIsr(leader=0, leaderEpoch=0, isr=List(0), leaderRecoveryState=RECOVERED, partitionEpoch=0) (state.change.logger)
[2023-06-28 17:29:02,472] INFO [Controller id=0 epoch=1] Changed partition __consumer_offsets-44 from NewPartition to OnlinePartition with state LeaderAndIsr(leader=0, leaderEpoch=0, isr=List(0), leaderRecoveryState=RECOVERED, partitionEpoch=0) (state.change.logger)
[2023-06-28 17:29:02,472] INFO [Controller id=0 epoch=1] Changed partition __consumer_offsets-39 from NewPartition to OnlinePartition with state LeaderAndIsr(leader=0, leaderEpoch=0, isr=List(0), leaderRecoveryState=RECOVERED, partitionEpoch=0) (state.change.logger)
[2023-06-28 17:29:02,472] INFO [Controller id=0 epoch=1] Changed partition __consumer_offsets-12 from NewPartition to OnlinePartition with state LeaderAndIsr(leader=0, leaderEpoch=0, isr=List(0), leaderRecoveryState=RECOVERED, partitionEpoch=0) (state.change.logger)
[2023-06-28 17:29:02,472] INFO [Controller id=0 epoch=1] Changed partition __consumer_offsets-45 from NewPartition to OnlinePartition with state LeaderAndIsr(leader=0, leaderEpoch=0, isr=List(0), leaderRecoveryState=RECOVERED, partitionEpoch=0) (state.change.logger)
[2023-06-28 17:29:02,472] INFO [Controller id=0 epoch=1] Changed partition __consumer_offsets-1 from NewPartition to OnlinePartition with state LeaderAndIsr(leader=0, leaderEpoch=0, isr=List(0), leaderRecoveryState=RECOVERED, partitionEpoch=0) (state.change.logger)
[2023-06-28 17:29:02,472] INFO [Controller id=0 epoch=1] Changed partition __consumer_offsets-5 from NewPartition to OnlinePartition with state LeaderAndIsr(leader=0, leaderEpoch=0, isr=List(0), leaderRecoveryState=RECOVERED, partitionEpoch=0) (state.change.logger)
[2023-06-28 17:29:02,472] INFO [Controller id=0 epoch=1] Changed partition __consumer_offsets-26 from NewPartition to OnlinePartition with state LeaderAndIsr(leader=0, leaderEpoch=0, isr=List(0), leaderRecoveryState=RECOVERED, partitionEpoch=0) (state.change.logger)
[2023-06-28 17:29:02,472] INFO [Controller id=0 epoch=1] Changed partition __consumer_offsets-29 from NewPartition to OnlinePartition with state LeaderAndIsr(leader=0, leaderEpoch=0, isr=List(0), leaderRecoveryState=RECOVERED, partitionEpoch=0) (state.change.logger)
[2023-06-28 17:29:02,472] INFO [Controller id=0 epoch=1] Changed partition __consumer_offsets-34 from NewPartition to OnlinePartition with state LeaderAndIsr(leader=0, leaderEpoch=0, isr=List(0), leaderRecoveryState=RECOVERED, partitionEpoch=0) (state.change.logger)
[2023-06-28 17:29:02,472] INFO [Controller id=0 epoch=1] Changed partition __consumer_offsets-10 from NewPartition to OnlinePartition with state LeaderAndIsr(leader=0, leaderEpoch=0, isr=List(0), leaderRecoveryState=RECOVERED, partitionEpoch=0) (state.change.logger)
[2023-06-28 17:29:02,472] INFO [Controller id=0 epoch=1] Changed partition __consumer_offsets-32 from NewPartition to OnlinePartition with state LeaderAndIsr(leader=0, leaderEpoch=0, isr=List(0), leaderRecoveryState=RECOVERED, partitionEpoch=0) (state.change.logger)
[2023-06-28 17:29:02,472] INFO [Controller id=0 epoch=1] Changed partition __consumer_offsets-40 from NewPartition to OnlinePartition with state LeaderAndIsr(leader=0, leaderEpoch=0, isr=List(0), leaderRecoveryState=RECOVERED, partitionEpoch=0) (state.change.logger)
[2023-06-28 17:29:02,472] INFO [Controller id=0 epoch=1] Sending LeaderAndIsr request to broker 0 with 50 become-leader and 0 become-follower partitions (state.change.logger)
[2023-06-28 17:29:02,473] INFO [Controller id=0 epoch=1] Sending UpdateMetadata request to brokers HashSet(0) for 50 partitions (state.change.logger)
[2023-06-28 17:29:02,476] INFO [Controller id=0 epoch=1] Sending UpdateMetadata request to brokers HashSet() for 0 partitions (state.change.logger)
[2023-06-28 17:29:02,476] INFO [Broker id=0] Handling LeaderAndIsr request correlationId 3 from controller 0 for 50 partitions (state.change.logger)
[2023-06-28 17:29:02,506] INFO [Broker id=0] Stopped fetchers as part of LeaderAndIsr request correlationId 3 from controller 0 epoch 1 as part of the become-leader transition for 50 partitions (state.change.logger)
[2023-06-28 17:29:02,513] INFO [Broker id=0] Leader __consumer_offsets-3 with topic id Some(LAl6o3CETcC1r6vFQdwCtA) starts at leader epoch 0 from offset 0 with partition epoch 0, high watermark 0, ISR [0], adding replicas [] and removing replicas []. Previous leader epoch was -1. (state.change.logger)
[2023-06-28 17:29:02,520] INFO [Broker id=0] Leader __consumer_offsets-18 with topic id Some(LAl6o3CETcC1r6vFQdwCtA) starts at leader epoch 0 from offset 0 with partition epoch 0, high watermark 0, ISR [0], adding replicas [] and removing replicas []. Previous leader epoch was -1. (state.change.logger)
[2023-06-28 17:29:02,527] INFO [Broker id=0] Leader __consumer_offsets-41 with topic id Some(LAl6o3CETcC1r6vFQdwCtA) starts at leader epoch 0 from offset 0 with partition epoch 0, high watermark 0, ISR [0], adding replicas [] and removing replicas []. Previous leader epoch was -1. (state.change.logger)
[2023-06-28 17:29:02,533] INFO [Broker id=0] Leader __consumer_offsets-10 with topic id Some(LAl6o3CETcC1r6vFQdwCtA) starts at leader epoch 0 from offset 0 with partition epoch 0, high watermark 0, ISR [0], adding replicas [] and removing replicas []. Previous leader epoch was -1. (state.change.logger)
[2023-06-28 17:29:02,539] INFO [Broker id=0] Leader __consumer_offsets-33 with topic id Some(LAl6o3CETcC1r6vFQdwCtA) starts at leader epoch 0 from offset 0 with partition epoch 0, high watermark 0, ISR [0], adding replicas [] and removing replicas []. Previous leader epoch was -1. (state.change.logger)
[2023-06-28 17:29:02,545] INFO [Broker id=0] Leader __consumer_offsets-48 with topic id Some(LAl6o3CETcC1r6vFQdwCtA) starts at leader epoch 0 from offset 0 with partition epoch 0, high watermark 0, ISR [0], adding replicas [] and removing replicas []. Previous leader epoch was -1. (state.change.logger)
[2023-06-28 17:29:02,552] INFO [Broker id=0] Leader __consumer_offsets-19 with topic id Some(LAl6o3CETcC1r6vFQdwCtA) starts at leader epoch 0 from offset 0 with partition epoch 0, high watermark 0, ISR [0], adding replicas [] and removing replicas []. Previous leader epoch was -1. (state.change.logger)
[2023-06-28 17:29:02,559] INFO [Broker id=0] Leader __consumer_offsets-34 with topic id Some(LAl6o3CETcC1r6vFQdwCtA) starts at leader epoch 0 from offset 0 with partition epoch 0, high watermark 0, ISR [0], adding replicas [] and removing replicas []. Previous leader epoch was -1. (state.change.logger)
[2023-06-28 17:29:02,566] INFO [Broker id=0] Leader __consumer_offsets-4 with topic id Some(LAl6o3CETcC1r6vFQdwCtA) starts at leader epoch 0 from offset 0 with partition epoch 0, high watermark 0, ISR [0], adding replicas [] and removing replicas []. Previous leader epoch was -1. (state.change.logger)
[2023-06-28 17:29:02,572] INFO [Broker id=0] Leader __consumer_offsets-11 with topic id Some(LAl6o3CETcC1r6vFQdwCtA) starts at leader epoch 0 from offset 0 with partition epoch 0, high watermark 0, ISR [0], adding replicas [] and removing replicas []. Previous leader epoch was -1. (state.change.logger)
[2023-06-28 17:29:02,578] INFO [Broker id=0] Leader __consumer_offsets-26 with topic id Some(LAl6o3CETcC1r6vFQdwCtA) starts at leader epoch 0 from offset 0 with partition epoch 0, high watermark 0, ISR [0], adding replicas [] and removing replicas []. Previous leader epoch was -1. (state.change.logger)
[2023-06-28 17:29:02,585] INFO [Broker id=0] Leader __consumer_offsets-49 with topic id Some(LAl6o3CETcC1r6vFQdwCtA) starts at leader epoch 0 from offset 0 with partition epoch 0, high watermark 0, ISR [0], adding replicas [] and removing replicas []. Previous leader epoch was -1. (state.change.logger)
[2023-06-28 17:29:02,592] INFO [Broker id=0] Leader __consumer_offsets-39 with topic id Some(LAl6o3CETcC1r6vFQdwCtA) starts at leader epoch 0 from offset 0 with partition epoch 0, high watermark 0, ISR [0], adding replicas [] and removing replicas []. Previous leader epoch was -1. (state.change.logger)
[2023-06-28 17:29:02,599] INFO [Broker id=0] Leader __consumer_offsets-9 with topic id Some(LAl6o3CETcC1r6vFQdwCtA) starts at leader epoch 0 from offset 0 with partition epoch 0, high watermark 0, ISR [0], adding replicas [] and removing replicas []. Previous leader epoch was -1. (state.change.logger)
[2023-06-28 17:29:02,606] INFO [Broker id=0] Leader __consumer_offsets-24 with topic id Some(LAl6o3CETcC1r6vFQdwCtA) starts at leader epoch 0 from offset 0 with partition epoch 0, high watermark 0, ISR [0], adding replicas [] and removing replicas []. Previous leader epoch was -1. (state.change.logger)
[2023-06-28 17:29:02,612] INFO [Broker id=0] Leader __consumer_offsets-31 with topic id Some(LAl6o3CETcC1r6vFQdwCtA) starts at leader epoch 0 from offset 0 with partition epoch 0, high watermark 0, ISR [0], adding replicas [] and removing replicas []. Previous leader epoch was -1. (state.change.logger)
[2023-06-28 17:29:02,618] INFO [Broker id=0] Leader __consumer_offsets-46 with topic id Some(LAl6o3CETcC1r6vFQdwCtA) starts at leader epoch 0 from offset 0 with partition epoch 0, high watermark 0, ISR [0], adding replicas [] and removing replicas []. Previous leader epoch was -1. (state.change.logger)
[2023-06-28 17:29:02,623] INFO [Broker id=0] Leader __consumer_offsets-1 with topic id Some(LAl6o3CETcC1r6vFQdwCtA) starts at leader epoch 0 from offset 0 with partition epoch 0, high watermark 0, ISR [0], adding replicas [] and removing replicas []. Previous leader epoch was -1. (state.change.logger)
[2023-06-28 17:29:02,630] INFO [Broker id=0] Leader __consumer_offsets-16 with topic id Some(LAl6o3CETcC1r6vFQdwCtA) starts at leader epoch 0 from offset 0 with partition epoch 0, high watermark 0, ISR [0], adding replicas [] and removing replicas []. Previous leader epoch was -1. (state.change.logger)
[2023-06-28 17:29:02,637] INFO [Broker id=0] Leader __consumer_offsets-2 with topic id Some(LAl6o3CETcC1r6vFQdwCtA) starts at leader epoch 0 from offset 0 with partition epoch 0, high watermark 0, ISR [0], adding replicas [] and removing replicas []. Previous leader epoch was -1. (state.change.logger)
[2023-06-28 17:29:02,643] INFO [Broker id=0] Leader __consumer_offsets-25 with topic id Some(LAl6o3CETcC1r6vFQdwCtA) starts at leader epoch 0 from offset 0 with partition epoch 0, high watermark 0, ISR [0], adding replicas [] and removing replicas []. Previous leader epoch was -1. (state.change.logger)
[2023-06-28 17:29:02,650] INFO [Broker id=0] Leader __consumer_offsets-40 with topic id Some(LAl6o3CETcC1r6vFQdwCtA) starts at leader epoch 0 from offset 0 with partition epoch 0, high watermark 0, ISR [0], adding replicas [] and removing replicas []. Previous leader epoch was -1. (state.change.logger)
[2023-06-28 17:29:02,657] INFO [Broker id=0] Leader __consumer_offsets-47 with topic id Some(LAl6o3CETcC1r6vFQdwCtA) starts at leader epoch 0 from offset 0 with partition epoch 0, high watermark 0, ISR [0], adding replicas [] and removing replicas []. Previous leader epoch was -1. (state.change.logger)
[2023-06-28 17:29:02,662] INFO [Broker id=0] Leader __consumer_offsets-17 with topic id Some(LAl6o3CETcC1r6vFQdwCtA) starts at leader epoch 0 from offset 0 with partition epoch 0, high watermark 0, ISR [0], adding replicas [] and removing replicas []. Previous leader epoch was -1. (state.change.logger)
[2023-06-28 17:29:02,669] INFO [Broker id=0] Leader __consumer_offsets-32 with topic id Some(LAl6o3CETcC1r6vFQdwCtA) starts at leader epoch 0 from offset 0 with partition epoch 0, high watermark 0, ISR [0], adding replicas [] and removing replicas []. Previous leader epoch was -1. (state.change.logger)
[2023-06-28 17:29:02,676] INFO [Broker id=0] Leader __consumer_offsets-37 with topic id Some(LAl6o3CETcC1r6vFQdwCtA) starts at leader epoch 0 from offset 0 with partition epoch 0, high watermark 0, ISR [0], adding replicas [] and removing replicas []. Previous leader epoch was -1. (state.change.logger)
[2023-06-28 17:29:02,681] INFO [Broker id=0] Leader __consumer_offsets-7 with topic id Some(LAl6o3CETcC1r6vFQdwCtA) starts at leader epoch 0 from offset 0 with partition epoch 0, high watermark 0, ISR [0], adding replicas [] and removing replicas []. Previous leader epoch was -1. (state.change.logger)
[2023-06-28 17:29:02,690] INFO [Broker id=0] Leader __consumer_offsets-22 with topic id Some(LAl6o3CETcC1r6vFQdwCtA) starts at leader epoch 0 from offset 0 with partition epoch 0, high watermark 0, ISR [0], adding replicas [] and removing replicas []. Previous leader epoch was -1. (state.change.logger)
[2023-06-28 17:29:02,704] INFO [Broker id=0] Leader __consumer_offsets-29 with topic id Some(LAl6o3CETcC1r6vFQdwCtA) starts at leader epoch 0 from offset 0 with partition epoch 0, high watermark 0, ISR [0], adding replicas [] and removing replicas []. Previous leader epoch was -1. (state.change.logger)
[2023-06-28 17:29:02,720] INFO [Broker id=0] Leader __consumer_offsets-44 with topic id Some(LAl6o3CETcC1r6vFQdwCtA) starts at leader epoch 0 from offset 0 with partition epoch 0, high watermark 0, ISR [0], adding replicas [] and removing replicas []. Previous leader epoch was -1. (state.change.logger)
[2023-06-28 17:29:02,726] INFO [Broker id=0] Leader __consumer_offsets-14 with topic id Some(LAl6o3CETcC1r6vFQdwCtA) starts at leader epoch 0 from offset 0 with partition epoch 0, high watermark 0, ISR [0], adding replicas [] and removing replicas []. Previous leader epoch was -1. (state.change.logger)
[2023-06-28 17:29:02,733] INFO [Broker id=0] Leader __consumer_offsets-23 with topic id Some(LAl6o3CETcC1r6vFQdwCtA) starts at leader epoch 0 from offset 0 with partition epoch 0, high watermark 0, ISR [0], adding replicas [] and removing replicas []. Previous leader epoch was -1. (state.change.logger)
[2023-06-28 17:29:02,740] INFO [Broker id=0] Leader __consumer_offsets-38 with topic id Some(LAl6o3CETcC1r6vFQdwCtA) starts at leader epoch 0 from offset 0 with partition epoch 0, high watermark 0, ISR [0], adding replicas [] and removing replicas []. Previous leader epoch was -1. (state.change.logger)
[2023-06-28 17:29:02,746] INFO [Broker id=0] Leader __consumer_offsets-8 with topic id Some(LAl6o3CETcC1r6vFQdwCtA) starts at leader epoch 0 from offset 0 with partition epoch 0, high watermark 0, ISR [0], adding replicas [] and removing replicas []. Previous leader epoch was -1. (state.change.logger)
[2023-06-28 17:29:02,752] INFO [Broker id=0] Leader __consumer_offsets-45 with topic id Some(LAl6o3CETcC1r6vFQdwCtA) starts at leader epoch 0 from offset 0 with partition epoch 0, high watermark 0, ISR [0], adding replicas [] and removing replicas []. Previous leader epoch was -1. (state.change.logger)
[2023-06-28 17:29:02,757] INFO [Broker id=0] Leader __consumer_offsets-15 with topic id Some(LAl6o3CETcC1r6vFQdwCtA) starts at leader epoch 0 from offset 0 with partition epoch 0, high watermark 0, ISR [0], adding replicas [] and removing replicas []. Previous leader epoch was -1. (state.change.logger)
[2023-06-28 17:29:02,763] INFO [Broker id=0] Leader __consumer_offsets-30 with topic id Some(LAl6o3CETcC1r6vFQdwCtA) starts at leader epoch 0 from offset 0 with partition epoch 0, high watermark 0, ISR [0], adding replicas [] and removing replicas []. Previous leader epoch was -1. (state.change.logger)
[2023-06-28 17:29:02,769] INFO [Broker id=0] Leader __consumer_offsets-0 with topic id Some(LAl6o3CETcC1r6vFQdwCtA) starts at leader epoch 0 from offset 0 with partition epoch 0, high watermark 0, ISR [0], adding replicas [] and removing replicas []. Previous leader epoch was -1. (state.change.logger)
[2023-06-28 17:29:02,774] INFO [Broker id=0] Leader __consumer_offsets-35 with topic id Some(LAl6o3CETcC1r6vFQdwCtA) starts at leader epoch 0 from offset 0 with partition epoch 0, high watermark 0, ISR [0], adding replicas [] and removing replicas []. Previous leader epoch was -1. (state.change.logger)
[2023-06-28 17:29:02,780] INFO [Broker id=0] Leader __consumer_offsets-5 with topic id Some(LAl6o3CETcC1r6vFQdwCtA) starts at leader epoch 0 from offset 0 with partition epoch 0, high watermark 0, ISR [0], adding replicas [] and removing replicas []. Previous leader epoch was -1. (state.change.logger)
[2023-06-28 17:29:02,785] INFO [Broker id=0] Leader __consumer_offsets-20 with topic id Some(LAl6o3CETcC1r6vFQdwCtA) starts at leader epoch 0 from offset 0 with partition epoch 0, high watermark 0, ISR [0], adding replicas [] and removing replicas []. Previous leader epoch was -1. (state.change.logger)
[2023-06-28 17:29:02,791] INFO [Broker id=0] Leader __consumer_offsets-27 with topic id Some(LAl6o3CETcC1r6vFQdwCtA) starts at leader epoch 0 from offset 0 with partition epoch 0, high watermark 0, ISR [0], adding replicas [] and removing replicas []. Previous leader epoch was -1. (state.change.logger)
[2023-06-28 17:29:02,797] INFO [Broker id=0] Leader __consumer_offsets-42 with topic id Some(LAl6o3CETcC1r6vFQdwCtA) starts at leader epoch 0 from offset 0 with partition epoch 0, high watermark 0, ISR [0], adding replicas [] and removing replicas []. Previous leader epoch was -1. (state.change.logger)
[2023-06-28 17:29:02,802] INFO [Broker id=0] Leader __consumer_offsets-12 with topic id Some(LAl6o3CETcC1r6vFQdwCtA) starts at leader epoch 0 from offset 0 with partition epoch 0, high watermark 0, ISR [0], adding replicas [] and removing replicas []. Previous leader epoch was -1. (state.change.logger)
[2023-06-28 17:29:02,809] INFO [Broker id=0] Leader __consumer_offsets-21 with topic id Some(LAl6o3CETcC1r6vFQdwCtA) starts at leader epoch 0 from offset 0 with partition epoch 0, high watermark 0, ISR [0], adding replicas [] and removing replicas []. Previous leader epoch was -1. (state.change.logger)
[2023-06-28 17:29:02,815] INFO [Broker id=0] Leader __consumer_offsets-36 with topic id Some(LAl6o3CETcC1r6vFQdwCtA) starts at leader epoch 0 from offset 0 with partition epoch 0, high watermark 0, ISR [0], adding replicas [] and removing replicas []. Previous leader epoch was -1. (state.change.logger)
[2023-06-28 17:29:02,821] INFO [Broker id=0] Leader __consumer_offsets-6 with topic id Some(LAl6o3CETcC1r6vFQdwCtA) starts at leader epoch 0 from offset 0 with partition epoch 0, high watermark 0, ISR [0], adding replicas [] and removing replicas []. Previous leader epoch was -1. (state.change.logger)
[2023-06-28 17:29:02,828] INFO [Broker id=0] Leader __consumer_offsets-43 with topic id Some(LAl6o3CETcC1r6vFQdwCtA) starts at leader epoch 0 from offset 0 with partition epoch 0, high watermark 0, ISR [0], adding replicas [] and removing replicas []. Previous leader epoch was -1. (state.change.logger)
[2023-06-28 17:29:02,834] INFO [Broker id=0] Leader __consumer_offsets-13 with topic id Some(LAl6o3CETcC1r6vFQdwCtA) starts at leader epoch 0 from offset 0 with partition epoch 0, high watermark 0, ISR [0], adding replicas [] and removing replicas []. Previous leader epoch was -1. (state.change.logger)
[2023-06-28 17:29:02,840] INFO [Broker id=0] Leader __consumer_offsets-28 with topic id Some(LAl6o3CETcC1r6vFQdwCtA) starts at leader epoch 0 from offset 0 with partition epoch 0, high watermark 0, ISR [0], adding replicas [] and removing replicas []. Previous leader epoch was -1. (state.change.logger)
[2023-06-28 17:29:02,852] INFO [Broker id=0] Finished LeaderAndIsr request in 376ms correlationId 3 from controller 0 for 50 partitions (state.change.logger)
[2023-06-28 17:29:02,857] INFO [Broker id=0] Add 50 partitions and deleted 0 partitions from metadata cache in response to UpdateMetadata request sent by controller 0 epoch 1 with correlation id 4 (state.change.logger)
[2023-06-28 17:30:19,086] INFO [Controller id=0 epoch=1] Sending UpdateMetadata request to brokers HashSet() for 0 partitions (state.change.logger)
[2023-06-28 17:30:19,087] INFO [Controller id=0 epoch=1] Sending UpdateMetadata request to brokers HashSet() for 0 partitions (state.change.logger)
[2023-06-28 17:30:19,087] INFO [Controller id=0 epoch=1] Sending UpdateMetadata request to brokers HashSet(0) for 1 partitions (state.change.logger)
[2023-06-28 17:30:19,088] INFO [Broker id=0] Add 0 partitions and deleted 1 partitions from metadata cache in response to UpdateMetadata request sent by controller 0 epoch 1 with correlation id 5 (state.change.logger)
[2023-06-28 17:30:19,102] INFO [Controller id=0 epoch=1] Partition drone-message-0 state changed to (Leader:-1,ISR:0,LeaderRecoveryState:RECOVERED,LeaderEpoch:1,ZkVersion:1,ControllerEpoch:1) after removing replica 0 from the ISR as part of transition to OfflineReplica (state.change.logger)
[2023-06-28 17:30:19,103] INFO [Controller id=0 epoch=1] Sending UpdateMetadata request to brokers HashSet() for 0 partitions (state.change.logger)
[2023-06-28 17:30:19,105] INFO [Controller id=0 epoch=1] Sending StopReplica request for 1 replicas to broker 0 (state.change.logger)
[2023-06-28 17:30:19,106] INFO [Controller id=0 epoch=1] Sending UpdateMetadata request to brokers HashSet() for 0 partitions (state.change.logger)
[2023-06-28 17:30:19,107] INFO [Controller id=0 epoch=1] Sending StopReplica request for 1 replicas to broker 0 (state.change.logger)
[2023-06-28 17:30:19,107] INFO [Broker id=0] Handling StopReplica request correlationId 6 from controller 0 for 1 partitions (state.change.logger)
[2023-06-28 17:30:19,114] INFO [Broker id=0] Handling StopReplica request correlationId 7 from controller 0 for 1 partitions (state.change.logger)
[2023-06-28 17:30:19,138] INFO [Controller id=0 epoch=1] Sending UpdateMetadata request to brokers HashSet() for 0 partitions (state.change.logger)
[2023-06-28 17:30:19,141] INFO [Controller id=0 epoch=1] Sending UpdateMetadata request to brokers HashSet() for 0 partitions (state.change.logger)
[2023-06-28 17:30:28,646] INFO [Controller id=0 epoch=1] Changed partition drone-message-0 state from NonExistentPartition to NewPartition with assigned replicas 0 (state.change.logger)
[2023-06-28 17:30:28,646] INFO [Controller id=0 epoch=1] Sending UpdateMetadata request to brokers HashSet() for 0 partitions (state.change.logger)
[2023-06-28 17:30:28,646] INFO [Controller id=0 epoch=1] Sending UpdateMetadata request to brokers HashSet() for 0 partitions (state.change.logger)
[2023-06-28 17:30:28,651] INFO [Controller id=0 epoch=1] Changed partition drone-message-0 from NewPartition to OnlinePartition with state LeaderAndIsr(leader=0, leaderEpoch=0, isr=List(0), leaderRecoveryState=RECOVERED, partitionEpoch=0) (state.change.logger)
[2023-06-28 17:30:28,651] INFO [Controller id=0 epoch=1] Sending LeaderAndIsr request to broker 0 with 1 become-leader and 0 become-follower partitions (state.change.logger)
[2023-06-28 17:30:28,651] INFO [Controller id=0 epoch=1] Sending UpdateMetadata request to brokers HashSet(0) for 1 partitions (state.change.logger)
[2023-06-28 17:30:28,651] INFO [Controller id=0 epoch=1] Sending UpdateMetadata request to brokers HashSet() for 0 partitions (state.change.logger)
[2023-06-28 17:30:28,652] INFO [Broker id=0] Handling LeaderAndIsr request correlationId 8 from controller 0 for 1 partitions (state.change.logger)
[2023-06-28 17:30:28,652] INFO [Broker id=0] Stopped fetchers as part of LeaderAndIsr request correlationId 8 from controller 0 epoch 1 as part of the become-leader transition for 1 partitions (state.change.logger)
[2023-06-28 17:30:28,656] INFO [Broker id=0] Leader drone-message-0 with topic id Some(r7CwW7zoQg6KJbv-Cq3GlA) starts at leader epoch 0 from offset 0 with partition epoch 0, high watermark 0, ISR [0], adding replicas [] and removing replicas []. Previous leader epoch was -1. (state.change.logger)
[2023-06-28 17:30:28,658] INFO [Broker id=0] Finished LeaderAndIsr request in 7ms correlationId 8 from controller 0 for 1 partitions (state.change.logger)
[2023-06-28 17:30:28,659] INFO [Broker id=0] Add 1 partitions and deleted 0 partitions from metadata cache in response to UpdateMetadata request sent by controller 0 epoch 1 with correlation id 9 (state.change.logger)
